This is pdfTeX, Version 3.14159265-2.6-1.40.18 (MiKTeX 2.9.6350 64-bit) (preloaded format=pdflatex 2017.10.9)  13 DEC 2017 16:49
entering extended mode
**./report.tex
(report.tex
LaTeX2e <2017-04-15>
Babel <3.10> and hyphenation patterns for 75 language(s) loaded.
("C:\Program Files\MiKTeX 2.9\tex\latex\base\article.cls"
Document Class: article 2014/09/29 v1.4h Standard LaTeX document class
("C:\Program Files\MiKTeX 2.9\tex\latex\base\size10.clo"
File: size10.clo 2014/09/29 v1.4h Standard LaTeX file (size option)
)
\c@part=\count79
\c@section=\count80
\c@subsection=\count81
\c@subsubsection=\count82
\c@paragraph=\count83
\c@subparagraph=\count84
\c@figure=\count85
\c@table=\count86
\abovecaptionskip=\skip41
\belowcaptionskip=\skip42
\bibindent=\dimen102
)
("C:\Program Files\MiKTeX 2.9\tex\latex\tools\multicol.sty"
Package: multicol 2017/04/11 v1.8q multicolumn formatting (FMi)
\c@tracingmulticols=\count87
\mult@box=\box26
\multicol@leftmargin=\dimen103
\c@unbalance=\count88
\c@collectmore=\count89
\doublecol@number=\count90
\multicoltolerance=\count91
\multicolpretolerance=\count92
\full@width=\dimen104
\page@free=\dimen105
\premulticols=\dimen106
\postmulticols=\dimen107
\multicolsep=\skip43
\multicolbaselineskip=\skip44
\partial@page=\box27
\last@line=\box28
\maxbalancingoverflow=\dimen108
\mult@rightbox=\box29
\mult@grightbox=\box30
\mult@gfirstbox=\box31
\mult@firstbox=\box32
\@tempa=\box33
\@tempa=\box34
\@tempa=\box35
\@tempa=\box36
\@tempa=\box37
\@tempa=\box38
\@tempa=\box39
\@tempa=\box40
\@tempa=\box41
\@tempa=\box42
\@tempa=\box43
\@tempa=\box44
\@tempa=\box45
\@tempa=\box46
\@tempa=\box47
\@tempa=\box48
\@tempa=\box49
\c@columnbadness=\count93
\c@finalcolumnbadness=\count94
\last@try=\dimen109
\multicolovershoot=\dimen110
\multicolundershoot=\dimen111
\mult@nat@firstbox=\box50
\colbreak@box=\box51
\mc@col@check@num=\count95
)
(C:\Users\Anand\AppData\Roaming\MiKTeX\2.9\tex\latex\cite\cite.sty
LaTeX Info: Redefining \cite on input line 302.
LaTeX Info: Redefining \nocite on input line 332.
Package: cite 2015/02/27  v 5.5
)
(C:\Users\Anand\AppData\Roaming\MiKTeX\2.9\tex\latex\preprint\fullpage.sty
Package: fullpage 1999/02/23 1.1 (PWD)
\FP@margin=\skip45
)
("C:\Program Files\MiKTeX 2.9\tex\latex\graphics\graphicx.sty"
Package: graphicx 2014/10/28 v1.0g Enhanced LaTeX Graphics (DPC,SPQR)

("C:\Program Files\MiKTeX 2.9\tex\latex\graphics\keyval.sty"
Package: keyval 2014/10/28 v1.15 key=value parser (DPC)
\KV@toks@=\toks14
)
("C:\Program Files\MiKTeX 2.9\tex\latex\graphics\graphics.sty"
Package: graphics 2017/04/14 v1.1b Standard LaTeX Graphics (DPC,SPQR)

("C:\Program Files\MiKTeX 2.9\tex\latex\graphics\trig.sty"
Package: trig 2016/01/03 v1.10 sin cos tan (DPC)
)
("C:\Program Files\MiKTeX 2.9\tex\latex\graphics-cfg\graphics.cfg"
File: graphics.cfg 2016/06/04 v1.11 sample graphics configuration
)
Package graphics Info: Driver file: pdftex.def on input line 99.

("C:\Program Files\MiKTeX 2.9\tex\latex\graphics-def\pdftex.def"
File: pdftex.def 2017/01/12 v0.06k Graphics/color for pdfTeX

("C:\Program Files\MiKTeX 2.9\tex\generic\oberdiek\infwarerr.sty"
Package: infwarerr 2016/05/16 v1.4 Providing info/warning/error messages (HO)
)
("C:\Program Files\MiKTeX 2.9\tex\generic\oberdiek\ltxcmds.sty"
Package: ltxcmds 2016/05/16 v1.23 LaTeX kernel commands for general use (HO)
)
\Gread@gobject=\count96
))
\Gin@req@height=\dimen112
\Gin@req@width=\dimen113
)
("C:\Program Files\MiKTeX 2.9\tex\latex\hyperref\hyperref.sty"
Package: hyperref 2017/03/14 v6.85a Hypertext links for LaTeX

("C:\Program Files\MiKTeX 2.9\tex\generic\oberdiek\hobsub-hyperref.sty"
Package: hobsub-hyperref 2016/05/16 v1.14 Bundle oberdiek, subset hyperref (HO)


("C:\Program Files\MiKTeX 2.9\tex\generic\oberdiek\hobsub-generic.sty"
Package: hobsub-generic 2016/05/16 v1.14 Bundle oberdiek, subset generic (HO)
Package: hobsub 2016/05/16 v1.14 Construct package bundles (HO)
Package hobsub Info: Skipping package `infwarerr' (already loaded).
Package hobsub Info: Skipping package `ltxcmds' (already loaded).
Package: ifluatex 2016/05/16 v1.4 Provides the ifluatex switch (HO)
Package ifluatex Info: LuaTeX not detected.
Package: ifvtex 2016/05/16 v1.6 Detect VTeX and its facilities (HO)
Package ifvtex Info: VTeX not detected.
Package: intcalc 2016/05/16 v1.2 Expandable calculations with integers (HO)
Package: ifpdf 2017/03/15 v3.2 Provides the ifpdf switch
Package: etexcmds 2016/05/16 v1.6 Avoid name clashes with e-TeX commands (HO)
Package etexcmds Info: Could not find \expanded.
(etexcmds)             That can mean that you are not using pdfTeX 1.50 or
(etexcmds)             that some package has redefined \expanded.
(etexcmds)             In the latter case, load this package earlier.
Package: kvsetkeys 2016/05/16 v1.17 Key value parser (HO)
Package: kvdefinekeys 2016/05/16 v1.4 Define keys (HO)
Package: pdftexcmds 2017/03/19 v0.25 Utility functions of pdfTeX for LuaTeX (HO
)
Package pdftexcmds Info: LuaTeX not detected.
Package pdftexcmds Info: \pdf@primitive is available.
Package pdftexcmds Info: \pdf@ifprimitive is available.
Package pdftexcmds Info: \pdfdraftmode found.
Package: pdfescape 2016/05/16 v1.14 Implements pdfTeX's escape features (HO)
Package: bigintcalc 2016/05/16 v1.4 Expandable calculations on big integers (HO
)
Package: bitset 2016/05/16 v1.2 Handle bit-vector datatype (HO)
Package: uniquecounter 2016/05/16 v1.3 Provide unlimited unique counter (HO)
)
Package hobsub Info: Skipping package `hobsub' (already loaded).
Package: letltxmacro 2016/05/16 v1.5 Let assignment for LaTeX macros (HO)
Package: hopatch 2016/05/16 v1.3 Wrapper for package hooks (HO)
Package: xcolor-patch 2016/05/16 xcolor patch
Package: atveryend 2016/05/16 v1.9 Hooks at the very end of document (HO)
Package atveryend Info: \enddocument detected (standard20110627).
Package: atbegshi 2016/06/09 v1.18 At begin shipout hook (HO)
Package: refcount 2016/05/16 v3.5 Data extraction from label references (HO)
Package: hycolor 2016/05/16 v1.8 Color options for hyperref/bookmark (HO)
)
("C:\Program Files\MiKTeX 2.9\tex\generic\ifxetex\ifxetex.sty"
Package: ifxetex 2010/09/12 v0.6 Provides ifxetex conditional
)
("C:\Program Files\MiKTeX 2.9\tex\latex\oberdiek\auxhook.sty"
Package: auxhook 2016/05/16 v1.4 Hooks for auxiliary files (HO)
)
("C:\Program Files\MiKTeX 2.9\tex\latex\oberdiek\kvoptions.sty"
Package: kvoptions 2016/05/16 v3.12 Key value format for package options (HO)
)
\@linkdim=\dimen114
\Hy@linkcounter=\count97
\Hy@pagecounter=\count98

("C:\Program Files\MiKTeX 2.9\tex\latex\hyperref\pd1enc.def"
File: pd1enc.def 2017/03/14 v6.85a Hyperref: PDFDocEncoding definition (HO)
)
\Hy@SavedSpaceFactor=\count99

("C:\Program Files\MiKTeX 2.9\tex\latex\00miktex\hyperref.cfg"
File: hyperref.cfg 2002/06/06 v1.2 hyperref configuration of TeXLive
)
Package hyperref Info: Option `final' set `true' on input line 4374.
Package hyperref Info: Hyper figures OFF on input line 4498.
Package hyperref Info: Link nesting OFF on input line 4503.
Package hyperref Info: Hyper index ON on input line 4506.
Package hyperref Info: Plain pages OFF on input line 4513.
Package hyperref Info: Backreferencing OFF on input line 4518.
Package hyperref Info: Implicit mode ON; LaTeX internals redefined.
Package hyperref Info: Bookmarks ON on input line 4751.
\c@Hy@tempcnt=\count100

(C:\Users\Anand\AppData\Roaming\MiKTeX\2.9\tex\latex\url\url.sty
\Urlmuskip=\muskip10
Package: url 2013/09/16  ver 3.4  Verb mode for urls, etc.
)
LaTeX Info: Redefining \url on input line 5104.
\XeTeXLinkMargin=\dimen115
\Fld@menulength=\count101
\Field@Width=\dimen116
\Fld@charsize=\dimen117
Package hyperref Info: Hyper figures OFF on input line 6358.
Package hyperref Info: Link nesting OFF on input line 6363.
Package hyperref Info: Hyper index ON on input line 6366.
Package hyperref Info: backreferencing OFF on input line 6373.
Package hyperref Info: Link coloring OFF on input line 6378.
Package hyperref Info: Link coloring with OCG OFF on input line 6383.
Package hyperref Info: PDF/A mode OFF on input line 6388.
LaTeX Info: Redefining \ref on input line 6428.
LaTeX Info: Redefining \pageref on input line 6432.
\Hy@abspage=\count102
\c@Item=\count103
\c@Hfootnote=\count104
)

Package hyperref Message: Driver (autodetected): hpdftex.

("C:\Program Files\MiKTeX 2.9\tex\latex\hyperref\hpdftex.def"
File: hpdftex.def 2017/03/14 v6.85a Hyperref driver for pdfTeX
\Fld@listcount=\count105
\c@bookmark@seq@number=\count106

("C:\Program Files\MiKTeX 2.9\tex\latex\oberdiek\rerunfilecheck.sty"
Package: rerunfilecheck 2016/05/16 v1.8 Rerun checks for auxiliary files (HO)
Package uniquecounter Info: New unique counter `rerunfilecheck' on input line 2
82.
)
\Hy@SectionHShift=\skip46
)
("C:\Program Files\MiKTeX 2.9\tex\latex\amsmath\amsmath.sty"
Package: amsmath 2016/11/05 v2.16a AMS math features
\@mathmargin=\skip47

For additional information on amsmath, use the `?' option.
("C:\Program Files\MiKTeX 2.9\tex\latex\amsmath\amstext.sty"
Package: amstext 2000/06/29 v2.01 AMS text

("C:\Program Files\MiKTeX 2.9\tex\latex\amsmath\amsgen.sty"
File: amsgen.sty 1999/11/30 v2.0 generic functions
\@emptytoks=\toks15
\ex@=\dimen118
))
("C:\Program Files\MiKTeX 2.9\tex\latex\amsmath\amsbsy.sty"
Package: amsbsy 1999/11/29 v1.2d Bold Symbols
\pmbraise@=\dimen119
)
("C:\Program Files\MiKTeX 2.9\tex\latex\amsmath\amsopn.sty"
Package: amsopn 2016/03/08 v2.02 operator names
)
\inf@bad=\count107
LaTeX Info: Redefining \frac on input line 213.
\uproot@=\count108
\leftroot@=\count109
LaTeX Info: Redefining \overline on input line 375.
\classnum@=\count110
\DOTSCASE@=\count111
LaTeX Info: Redefining \ldots on input line 472.
LaTeX Info: Redefining \dots on input line 475.
LaTeX Info: Redefining \cdots on input line 596.
\Mathstrutbox@=\box52
\strutbox@=\box53
\big@size=\dimen120
LaTeX Font Info:    Redeclaring font encoding OML on input line 712.
LaTeX Font Info:    Redeclaring font encoding OMS on input line 713.
\macc@depth=\count112
\c@MaxMatrixCols=\count113
\dotsspace@=\muskip11
\c@parentequation=\count114
\dspbrk@lvl=\count115
\tag@help=\toks16
\row@=\count116
\column@=\count117
\maxfields@=\count118
\andhelp@=\toks17
\eqnshift@=\dimen121
\alignsep@=\dimen122
\tagshift@=\dimen123
\tagwidth@=\dimen124
\totwidth@=\dimen125
\lineht@=\dimen126
\@envbody=\toks18
\multlinegap=\skip48
\multlinetaggap=\skip49
\mathdisplay@stack=\toks19
LaTeX Info: Redefining \[ on input line 2817.
LaTeX Info: Redefining \] on input line 2818.
)
("C:\Program Files\MiKTeX 2.9\tex\latex\float\float.sty"
Package: float 2001/11/08 v1.3d Float enhancements (AL)
\c@float@type=\count119
\float@exts=\toks20
\float@box=\box54
\@float@everytoks=\toks21
\@floatcapt=\box55
)
(C:\Users\Anand\AppData\Roaming\MiKTeX\2.9\tex\latex\caption\subcaption.sty
Package: subcaption 2016/05/22 v1.1-161 Sub-captions (AR)

(C:\Users\Anand\AppData\Roaming\MiKTeX\2.9\tex\latex\caption\caption.sty
Package: caption 2016/02/21 v3.3-144 Customizing captions (AR)

(C:\Users\Anand\AppData\Roaming\MiKTeX\2.9\tex\latex\caption\caption3.sty
Package: caption3 2016/05/22 v1.7-166 caption3 kernel (AR)
Package caption3 Info: TeX engine: e-TeX on input line 67.
\captionmargin=\dimen127
\captionmargin@=\dimen128
\captionwidth=\dimen129
\caption@tempdima=\dimen130
\caption@indent=\dimen131
\caption@parindent=\dimen132
\caption@hangindent=\dimen133
)
\c@ContinuedFloat=\count120
Package caption Info: float package is loaded.
Package caption Info: hyperref package is loaded.
)
\c@subfigure=\count121
\c@subtable=\count122
)
(C:\Users\Anand\AppData\Roaming\MiKTeX\2.9\tex\latex\algorithm2e\algorithm2e.st
y
Package: algorithm2e 2017/07/18 v5.2 algorithms environments
\c@AlgoLine=\count123
 ("C:\Program Files\MiKTeX 2.9\tex\latex\base\ifthen.sty"
Package: ifthen 2014/09/29 v1.1c Standard LaTeX ifthen package (DPC)
)
\algocf@hangindent=\skip50

(C:\Users\Anand\AppData\Roaming\MiKTeX\2.9\tex\latex\ifoddpage\ifoddpage.sty
Package: ifoddpage 2016/04/23 v1.1 Conditionals for odd/even page detection
\c@checkoddpage=\count124
)
("C:\Program Files\MiKTeX 2.9\tex\latex\tools\xspace.sty"
Package: xspace 2014/10/28 v1.13 Space after command names (DPC,MH)
)
\skiptotal=\skip51
\skiplinenumber=\skip52
\skiprule=\skip53
\skiphlne=\skip54
\skiptext=\skip55
\skiplength=\skip56
\algomargin=\skip57
\skipalgocfslide=\skip58
\algowidth=\dimen134
\inoutsize=\dimen135
\inoutindent=\dimen136
\interspacetitleruled=\dimen137
\interspacealgoruled=\dimen138
\interspacetitleboxruled=\dimen139
\algocf@ruledwidth=\skip59
\algocf@inoutbox=\box56
\algocf@inputbox=\box57
\AlCapSkip=\skip60
\AlCapHSkip=\skip61
\algoskipindent=\skip62
\algocf@nlbox=\box58
\algocf@hangingbox=\box59
\algocf@untilbox=\box60
\algocf@skipuntil=\skip63
\algocf@capbox=\box61
\algocf@lcaptionbox=\skip64
\algoheightruledefault=\skip65
\algoheightrule=\skip66
\algotitleheightruledefault=\skip67
\algotitleheightrule=\skip68
\c@algocfline=\count125
\c@algocfproc=\count126
\c@algocf=\count127
\algocf@algoframe=\box62
\algocf@algobox=\box63
)
("C:\Program Files\MiKTeX 2.9\tex\latex\geometry\geometry.sty"
Package: geometry 2010/09/12 v5.6 Page Geometry
\Gm@cnth=\count128
\Gm@cntv=\count129
\c@Gm@tempcnt=\count130
\Gm@bindingoffset=\dimen140
\Gm@wd@mp=\dimen141
\Gm@odd@mp=\dimen142
\Gm@even@mp=\dimen143
\Gm@layoutwidth=\dimen144
\Gm@layoutheight=\dimen145
\Gm@layouthoffset=\dimen146
\Gm@layoutvoffset=\dimen147
\Gm@dimlist=\toks22

("C:\Program Files\MiKTeX 2.9\tex\latex\geometry\geometry.cfg")) (report.aux

LaTeX Warning: Label `fig:chain' multiply defined.


LaTeX Warning: Label `fig:chain' multiply defined.


LaTeX Warning: Label `fig:chain' multiply defined.


LaTeX Warning: Label `fig:chain' multiply defined.


LaTeX Warning: Label `fig:chain' multiply defined.


LaTeX Warning: Label `fig:chain' multiply defined.


LaTeX Warning: Label `fig:chain' multiply defined.

)
\openout1 = `report.aux'.

LaTeX Font Info:    Checking defaults for OML/cmm/m/it on input line 25.
LaTeX Font Info:    ... okay on input line 25.
LaTeX Font Info:    Checking defaults for T1/cmr/m/n on input line 25.
LaTeX Font Info:    ... okay on input line 25.
LaTeX Font Info:    Checking defaults for OT1/cmr/m/n on input line 25.
LaTeX Font Info:    ... okay on input line 25.
LaTeX Font Info:    Checking defaults for OMS/cmsy/m/n on input line 25.
LaTeX Font Info:    ... okay on input line 25.
LaTeX Font Info:    Checking defaults for OMX/cmex/m/n on input line 25.
LaTeX Font Info:    ... okay on input line 25.
LaTeX Font Info:    Checking defaults for U/cmr/m/n on input line 25.
LaTeX Font Info:    ... okay on input line 25.
LaTeX Font Info:    Checking defaults for PD1/pdf/m/n on input line 25.
LaTeX Font Info:    ... okay on input line 25.
 (C:\Users\Anand\AppData\Roaming\MiKTeX\2.9\tex\context\base\supp-pdf.mkii
[Loading MPS to PDF converter (version 2006.09.02).]
\scratchcounter=\count131
\scratchdimen=\dimen148
\scratchbox=\box64
\nofMPsegments=\count132
\nofMParguments=\count133
\everyMPshowfont=\toks23
\MPscratchCnt=\count134
\MPscratchDim=\dimen149
\MPnumerator=\count135
\makeMPintoPDFobject=\count136
\everyMPtoPDFconversion=\toks24
) ("C:\Program Files\MiKTeX 2.9\tex\latex\oberdiek\epstopdf-base.sty"
Package: epstopdf-base 2016/05/15 v2.6 Base part for package epstopdf

("C:\Program Files\MiKTeX 2.9\tex\latex\oberdiek\grfext.sty"
Package: grfext 2016/05/16 v1.2 Manage graphics extensions (HO)
)
Package epstopdf-base Info: Redefining graphics rule for `.eps' on input line 4
38.
Package grfext Info: Graphics extension search list:
(grfext)             [.png,.pdf,.jpg,.mps,.jpeg,.jbig2,.jb2,.PNG,.PDF,.JPG,.JPE
G,.JBIG2,.JB2,.eps]
(grfext)             \AppendGraphicsExtensions on input line 456.
)
\AtBeginShipoutBox=\box65
Package hyperref Info: Link coloring OFF on input line 25.

("C:\Program Files\MiKTeX 2.9\tex\latex\hyperref\nameref.sty"
Package: nameref 2016/05/21 v2.44 Cross-referencing by name of section

("C:\Program Files\MiKTeX 2.9\tex\generic\oberdiek\gettitlestring.sty"
Package: gettitlestring 2016/05/16 v1.5 Cleanup title references (HO)
)
\c@section@level=\count137
)
LaTeX Info: Redefining \ref on input line 25.
LaTeX Info: Redefining \pageref on input line 25.
LaTeX Info: Redefining \nameref on input line 25.

(report.out) (report.out)
\@outlinefile=\write3
\openout3 = `report.out'.

Package caption Info: Begin \AtBeginDocument code.
Package caption Info: End \AtBeginDocument code.

*geometry* driver: auto-detecting
*geometry* detected driver: pdftex
*geometry* verbose mode - [ preamble ] result:
* driver: pdftex
* paper: a4paper
* layout: <same size as paper>
* layoutoffset:(h,v)=(0.0pt,0.0pt)
* modes: 
* h-part:(L,W,R)=(56.9055pt, 483.69684pt, 56.90553pt)
* v-part:(T,H,B)=(56.9055pt, 731.23582pt, 56.90552pt)
* \paperwidth=597.50787pt
* \paperheight=845.04684pt
* \textwidth=483.69684pt
* \textheight=731.23582pt
* \oddsidemargin=-15.36449pt
* \evensidemargin=-15.36449pt
* \topmargin=-15.36449pt
* \headheight=0.0pt
* \headsep=0.0pt
* \topskip=10.0pt
* \footskip=30.0pt
* \marginparwidth=65.0pt
* \marginparsep=11.0pt
* \columnsep=10.0pt
* \skip\footins=9.0pt plus 4.0pt minus 2.0pt
* \hoffset=0.0pt
* \voffset=0.0pt
* \mag=1000
* \@twocolumnfalse
* \@twosidefalse
* \@mparswitchfalse
* \@reversemarginfalse
* (1in=72.27pt=25.4mm, 1cm=28.453pt)

<pic4.png, id=99, 132.495pt x 136.71075pt>
File: pic4.png Graphic file (type png)
 <use pic4.png>
Package pdftex.def Info: pic4.png used on input line 48.
(pdftex.def)             Requested size: 142.27365pt x 142.26968pt.


Package caption Warning: The option `hypcap=true' will be ignored for this
(caption)                particular \caption on input line 49.
See the caption package documentation for explanation.

<fig.png, id=101, 584.1825pt x 106.59825pt>
File: fig.png Graphic file (type png)
 <use fig.png>
Package pdftex.def Info: fig.png used on input line 53.
(pdftex.def)             Requested size: 514.89334pt x 93.95122pt.

Overfull \hbox (31.1965pt too wide) in paragraph at lines 53--54
 [][] 
 []


Underfull \hbox (badness 10000) in paragraph at lines 57--58

 []

[1

{C:/ProgramData/MiKTeX/2.9/pdftex/config/pdftex.map} <./pic4.png>]
Missing character: There is no â in font cmr10!
Missing character: There is no € in font cmr10!
Missing character: There is no ™ in font cmr10!
 [2 <./fig.png>] <Network.png, id=123, 333.04425pt x 159.59625pt>
File: Network.png Graphic file (type png)
 <use Network.png>
Package pdftex.def Info: Network.png used on input line 80.
(pdftex.def)             Requested size: 227.62575pt x 142.26424pt.


Package caption Warning: The option `hypcap=true' will be ignored for this
(caption)                particular \caption on input line 81.
See the caption package documentation for explanation.

<pic1.png, id=124, 517.935pt x 302.93175pt>
File: pic1.png Graphic file (type png)
 <use pic1.png>
Package pdftex.def Info: pic1.png used on input line 90.
(pdftex.def)             Requested size: 170.7136pt x 142.267pt.


Package caption Warning: The option `hypcap=true' will be ignored for this
(caption)                particular \caption on input line 91.
See the caption package documentation for explanation.

<tun.png, id=125, 655.248pt x 105.996pt>
File: tun.png Graphic file (type png)
 <use tun.png>
Package pdftex.def Info: tun.png used on input line 97.
(pdftex.def)             Requested size: 513.78091pt x 83.11005pt.

Overfull \hbox (30.08408pt too wide) in paragraph at lines 97--98
 [][] 
 []

[3 <./Network.png> <./pic1.png>] <Comp.png, id=134, 405.31425pt x 173.448pt>
File: Comp.png Graphic file (type png)

<use Comp.png>
Package pdftex.def Info: Comp.png used on input line 106.
(pdftex.def)             Requested size: 241.84837pt x 142.27061pt.

Overfull \hbox (4.99995pt too wide) in paragraph at lines 106--108
 [] 
 []

<solution_step.png, id=135, 806.26219pt x 285.31593pt>
File: solution_step.png Graphic file (type png)
 <use solution_step.png>
Package pdftex.def Info: solution_step.png used on input line 112.
(pdftex.def)             Requested size: 256.07767pt x 128.03833pt.


Package caption Warning: The option `hypcap=true' will be ignored for this
(caption)                particular \caption on input line 113.
See the caption package documentation for explanation.


Overfull \hbox (19.22925pt too wide) in paragraph at lines 112--113
 [] 
 []

<Time.png, id=136, 806.26219pt x 285.31593pt>
File: Time.png Graphic file (type png)
 <use Time.png>
Package pdftex.def Info: Time.png used on input line 117.
(pdftex.def)             Requested size: 256.07767pt x 128.03833pt.


Package caption Warning: The option `hypcap=true' will be ignored for this
(caption)                particular \caption on input line 118.
See the caption package documentation for explanation.


Overfull \hbox (19.22925pt too wide) in paragraph at lines 117--118
 [] 
 []

<states_explored.png, id=137, 806.26219pt x 285.31593pt>
File: states_explored.png Graphic file (type png)

<use states_explored.png>
Package pdftex.def Info: states_explored.png used on input line 122.
(pdftex.def)             Requested size: 256.07767pt x 128.03833pt.


Package caption Warning: The option `hypcap=true' will be ignored for this
(caption)                particular \caption on input line 123.
See the caption package documentation for explanation.


Overfull \hbox (19.22925pt too wide) in paragraph at lines 122--123
 [] 
 []

<Accuracy.png, id=138, 462.528pt x 346.896pt>
File: Accuracy.png Graphic file (type png)
 <use Accuracy.png>
Package pdftex.def Info: Accuracy.png used on input line 127.
(pdftex.def)             Requested size: 256.08499pt x 184.9444pt.


Package caption Warning: The option `hypcap=true' will be ignored for this
(caption)                particular \caption on input line 128.
See the caption package documentation for explanation.


Overfull \hbox (19.23657pt too wide) in paragraph at lines 127--128
 [] 
 []

[4 <./tun.png> <./Comp.png> <./solution_step.png> <./Time.png> <./states_explor
ed.png>]
Underfull \hbox (badness 10000) in paragraph at lines 130--132

 []

<conf.png, id=152, 554.67226pt x 476.982pt>
File: conf.png Graphic file (type png)
 <use conf.png>
Package pdftex.def Info: conf.png used on input line 134.
(pdftex.def)             Requested size: 227.62022pt x 170.71628pt.


Package caption Warning: The option `hypcap=true' will be ignored for this
(caption)                particular \caption on input line 135.
See the caption package documentation for explanation.

LaTeX Font Info:    Try loading font information for OMS+cmr on input line 152.

("C:\Program Files\MiKTeX 2.9\tex\latex\base\omscmr.fd"
File: omscmr.fd 2014/09/29 v2.5h Standard LaTeX font definitions
)
LaTeX Font Info:    Font shape `OMS/cmr/m/n' in size <10> not available
(Font)              Font shape `OMS/cmsy/m/n' tried instead on input line 152.
 [5 <./Accuracy.png> <./conf.png>] [6] [7] <p1.png, id=198, 214.8025pt x 249.43
187pt>
File: p1.png Graphic file (type png)
 <use p1.png>
Package pdftex.def Info: p1.png used on input line 288.
(pdftex.def)             Requested size: 93.3531pt x 108.405pt.

<p2.png, id=199, 217.31187pt x 252.44313pt>
File: p2.png Graphic file (type png)
 <use p2.png>
Package pdftex.def Info: p2.png used on input line 292.
(pdftex.def)             Requested size: 93.31958pt x 108.405pt.

<p3.png, id=200, 215.30438pt x 252.945pt>
File: p3.png Graphic file (type png)
 <use p3.png>
Package pdftex.def Info: p3.png used on input line 296.
(pdftex.def)             Requested size: 92.27354pt x 108.405pt.

<p4.png, id=201, 162.6075pt x 191.5155pt>
File: p4.png Graphic file (type png)
 <use p4.png>
Package pdftex.def Info: p4.png used on input line 300.
(pdftex.def)             Requested size: 92.0446pt x 108.405pt.

<p5.png, id=202, 162.00525pt x 192.11775pt>
File: p5.png Graphic file (type png)
 <use p5.png>
Package pdftex.def Info: p5.png used on input line 303.
(pdftex.def)             Requested size: 91.41199pt x 108.405pt.

<p6.png, id=203, 163.812pt x 189.1065pt>
File: p6.png Graphic file (type png)
 <use p6.png>
Package pdftex.def Info: p6.png used on input line 312.
(pdftex.def)             Requested size: 93.9062pt x 108.405pt.

<p7.png, id=204, 161.403pt x 189.1065pt>
File: p7.png Graphic file (type png)
 <use p7.png>
Package pdftex.def Info: p7.png used on input line 316.
(pdftex.def)             Requested size: 92.52524pt x 108.405pt.

<p8.png, id=205, 162.6075pt x 190.311pt>
File: p8.png Graphic file (type png)
 <use p8.png>
Package pdftex.def Info: p8.png used on input line 320.
(pdftex.def)             Requested size: 92.6252pt x 108.405pt.

<p9.png, id=206, 160.80075pt x 192.11775pt>
File: p9.png Graphic file (type png)
 <use p9.png>
Package pdftex.def Info: p9.png used on input line 324.
(pdftex.def)             Requested size: 90.73235pt x 108.405pt.

<p10.png, id=207, 163.812pt x 190.311pt>
File: p10.png Graphic file (type png)
 <use p10.png>
Package pdftex.def Info: p10.png used on input line 327.
(pdftex.def)             Requested size: 93.31131pt x 108.405pt.

<q1.png, id=208, 164.41425pt x 192.11775pt>
File: q1.png Graphic file (type png)
 <use q1.png>
Package pdftex.def Info: q1.png used on input line 335.
(pdftex.def)             Requested size: 92.77129pt x 108.405pt.

<q2.png, id=209, 165.0165pt x 191.5155pt>
File: q2.png Graphic file (type png)
 <use q2.png>
Package pdftex.def Info: q2.png used on input line 339.
(pdftex.def)             Requested size: 93.40822pt x 108.405pt.

<q3.png, id=210, 162.00525pt x 192.11775pt>
File: q3.png Graphic file (type png)
 <use q3.png>
Package pdftex.def Info: q3.png used on input line 343.
(pdftex.def)             Requested size: 91.41199pt x 108.405pt.

<q4.png, id=211, 163.812pt x 189.70876pt>
File: q4.png Graphic file (type png)
 <use q4.png>
Package pdftex.def Info: q4.png used on input line 347.
(pdftex.def)             Requested size: 93.60875pt x 108.405pt.

<q5.png, id=212, 162.00525pt x 191.5155pt>
File: q5.png Graphic file (type png)
 <use q5.png>
Package pdftex.def Info: q5.png used on input line 350.
(pdftex.def)             Requested size: 91.70369pt x 108.405pt.

<q6.png, id=213, 162.6075pt x 193.32225pt>
File: q6.png Graphic file (type png)
 <use q6.png>
Package pdftex.def Info: q6.png used on input line 359.
(pdftex.def)             Requested size: 91.18115pt x 108.405pt.

<q7.png, id=214, 162.6075pt x 193.32225pt>
File: q7.png Graphic file (type png)
 <use q7.png>
Package pdftex.def Info: q7.png used on input line 363.
(pdftex.def)             Requested size: 91.18115pt x 108.405pt.

<q8.png, id=215, 163.20975pt x 193.32225pt>
File: q8.png Graphic file (type png)
 <use q8.png>
Package pdftex.def Info: q8.png used on input line 367.
(pdftex.def)             Requested size: 91.51884pt x 108.405pt.

<q9.png, id=216, 162.6075pt x 191.5155pt>
File: q9.png Graphic file (type png)
 <use q9.png>
Package pdftex.def Info: q9.png used on input line 371.
(pdftex.def)             Requested size: 92.0446pt x 108.405pt.

<q10.png, id=217, 162.00525pt x 191.5155pt>
File: q10.png Graphic file (type png)
 <use q10.png>
Package pdftex.def Info: q10.png used on input line 374.
(pdftex.def)             Requested size: 91.70369pt x 108.405pt.

<r1.png, id=218, 165.0165pt x 190.91325pt>
File: r1.png Graphic file (type png)
 <use r1.png>
Package pdftex.def Info: r1.png used on input line 382.
(pdftex.def)             Requested size: 93.7028pt x 108.405pt.

<r2.png, id=219, 164.41425pt x 192.72pt>
File: r2.png Graphic file (type png)
 <use r2.png>
Package pdftex.def Info: r2.png used on input line 386.
(pdftex.def)             Requested size: 92.48277pt x 108.405pt.

<r3.png, id=220, 164.41425pt x 189.70876pt>
File: r3.png Graphic file (type png)
 <use r3.png>
Package pdftex.def Info: r3.png used on input line 390.
(pdftex.def)             Requested size: 93.95291pt x 108.405pt.

<r4.png, id=221, 163.20975pt x 194.52675pt>
File: r4.png Graphic file (type png)
 <use r4.png>
Package pdftex.def Info: r4.png used on input line 394.
(pdftex.def)             Requested size: 90.95354pt x 108.405pt.

<r5.png, id=222, 162.00525pt x 191.5155pt>
File: r5.png Graphic file (type png)
 <use r5.png>
Package pdftex.def Info: r5.png used on input line 397.
(pdftex.def)             Requested size: 91.70369pt x 108.405pt.

<r6.png, id=223, 163.20975pt x 189.70876pt>
File: r6.png Graphic file (type png)
 <use r6.png>
Package pdftex.def Info: r6.png used on input line 406.
(pdftex.def)             Requested size: 93.2646pt x 108.405pt.

<r7.png, id=224, 163.812pt x 189.70876pt>
File: r7.png Graphic file (type png)
 <use r7.png>
Package pdftex.def Info: r7.png used on input line 410.
(pdftex.def)             Requested size: 93.60875pt x 108.405pt.

<r8.png, id=225, 163.20975pt x 190.311pt>
File: r8.png Graphic file (type png)
 <use r8.png>
Package pdftex.def Info: r8.png used on input line 414.
(pdftex.def)             Requested size: 92.96825pt x 108.405pt.

<r9.png, id=226, 162.6075pt x 191.5155pt>
File: r9.png Graphic file (type png)
 <use r9.png>
Package pdftex.def Info: r9.png used on input line 418.
(pdftex.def)             Requested size: 92.0446pt x 108.405pt.

<r10.png, id=227, 163.812pt x 191.5155pt>
File: r10.png Graphic file (type png)
 <use r10.png>
Package pdftex.def Info: r10.png used on input line 421.
(pdftex.def)             Requested size: 92.72641pt x 108.405pt.


LaTeX Warning: `!h' float specifier changed to `!ht'.

<s1.png, id=228, 163.812pt x 190.91325pt>
File: s1.png Graphic file (type png)
 <use s1.png>
Package pdftex.def Info: s1.png used on input line 429.
(pdftex.def)             Requested size: 93.01886pt x 108.405pt.

<s2.png, id=229, 161.403pt x 190.91325pt>
File: s2.png Graphic file (type png)
 <use s2.png>
Package pdftex.def Info: s2.png used on input line 433.
(pdftex.def)             Requested size: 91.65094pt x 108.405pt.

<s3.png, id=230, 164.41425pt x 191.5155pt>
File: s3.png Graphic file (type png)
 <use s3.png>
Package pdftex.def Info: s3.png used on input line 437.
(pdftex.def)             Requested size: 93.0673pt x 108.405pt.

<s4.png, id=231, 163.812pt x 193.9245pt>
File: s4.png Graphic file (type png)
 <use s4.png>
Package pdftex.def Info: s4.png used on input line 441.
(pdftex.def)             Requested size: 91.57161pt x 108.405pt.

<s5.png, id=232, 163.20975pt x 192.11775pt>
File: s5.png Graphic file (type png)
 <use s5.png>
Package pdftex.def Info: s5.png used on input line 444.
(pdftex.def)             Requested size: 92.09164pt x 108.405pt.


LaTeX Warning: `!h' float specifier changed to `!ht'.

Package atveryend Info: Empty hook `BeforeClearDocument' on input line 450.
[8 <./p1.png> <./p2.png> <./p3.png> <./p4.png> <./p5.png> <./p6.png> <./p7.png>
 <./p8.png> <./p9.png> <./p10.png> <./q1.png> <./q2.png> <./q3.png> <./q4.png> 
<./q5.png> <./q6.png> <./q7.png> <./q8.png> <./q9.png> <./q10.png> <./r1.png> <
./r2.png> <./r3.png> <./r4.png> <./r5.png>] [9 <./r6.png> <./r7.png> <./r8.png>
 <./r9.png> <./r10.png> <./s1.png> <./s2.png> <./s3.png> <./s4.png> <./s5.png>]
Package atveryend Info: Empty hook `AfterLastShipout' on input line 450.
(report.aux)
Package atveryend Info: Executing hook `AtVeryEndDocument' on input line 450.
Package atveryend Info: Executing hook `AtEndAfterFileList' on input line 450.


Package rerunfilecheck Warning: File `report.out' has changed.
(rerunfilecheck)                Rerun to get outlines right
(rerunfilecheck)                or use package `bookmark'.

Package rerunfilecheck Info: Checksums for `report.out':
(rerunfilecheck)             Before: 1F60037358445B99E90FD7D3B9BD7873;1489
(rerunfilecheck)             After:  18BAABBA20F986FCF96955D774C9E177;1491.

LaTeX Warning: There were multiply-defined labels.

Package atveryend Info: Empty hook `AtVeryVeryEnd' on input line 450.
 ) 
Here is how much of TeX's memory you used:
 8740 strings out of 493323
 131362 string characters out of 3139066
 252464 words of memory out of 3000000
 12081 multiletter control sequences out of 15000+200000
 9851 words of font info for 35 fonts, out of 3000000 for 9000
 1141 hyphenation exceptions out of 8191
 42i,18n,40p,881b,656s stack positions out of 5000i,500n,10000p,200000b,50000s
<C:/Program Files/MiKTeX 2.9/fonts/type1/public/amsfonts/cm/cmbx10.pfb><C:/Pr
ogram Files/MiKTeX 2.9/fonts/type1/public/amsfonts/cm/cmbx12.pfb><C:/Program Fi
les/MiKTeX 2.9/fonts/type1/public/amsfonts/cm/cmbx9.pfb><C:/Program Files/MiKTe
X 2.9/fonts/type1/public/amsfonts/cm/cmbxti10.pfb><C:/Program Files/MiKTeX 2.9/
fonts/type1/public/amsfonts/cm/cmmi10.pfb><C:/Program Files/MiKTeX 2.9/fonts/ty
pe1/public/amsfonts/cm/cmmi7.pfb><C:/Program Files/MiKTeX 2.9/fonts/type1/publi
c/amsfonts/cm/cmmi9.pfb><C:/Program Files/MiKTeX 2.9/fonts/type1/public/amsfont
s/cm/cmr10.pfb><C:/Program Files/MiKTeX 2.9/fonts/type1/public/amsfonts/cm/cmr1
2.pfb><C:/Program Files/MiKTeX 2.9/fonts/type1/public/amsfonts/cm/cmr9.pfb><C:/
Program Files/MiKTeX 2.9/fonts/type1/public/amsfonts/cm/cmsy10.pfb><C:/Program 
Files/MiKTeX 2.9/fonts/type1/public/amsfonts/cm/cmsy9.pfb><C:/Program Files/MiK
TeX 2.9/fonts/type1/public/amsfonts/cm/cmti10.pfb><C:/Program Files/MiKTeX 2.9/
fonts/type1/public/amsfonts/cm/cmti9.pfb>
Output written on report.pdf (9 pages, 2372712 bytes).
PDF statistics:
 344 PDF objects out of 1000 (max. 8388607)
 72 named destinations out of 1000 (max. 500000)
 423 words of extra memory for PDF output out of 10000 (max. 10000000)

